<?xml version="1.0" encoding="UTF-8"?>
<!-- Generated by org.testng.reporters.JUnitReportReporter -->
<testsuite skipped="0" hostname="LAPTOP-79BVRKRR" name="com.class01.TaskTwo" tests="2" failures="0" timestamp="2020-01-17T12:48:36 CST" time="0.005" errors="0">
  <testcase name="testZ9" time="0.003" classname="com.class01.TaskTwo"/>
  <testcase name="testA1" time="0.002" classname="com.class01.TaskTwo"/>
</testsuite> <!-- com.class01.TaskTwo -->
