<?xml version="1.0" encoding="UTF-8"?>
<!-- Generated by org.testng.reporters.JUnitReportReporter -->
<testsuite skipped="0" hostname="LAPTOP-79BVRKRR" name="com.class03.AlwaysRun" tests="2" failures="0" timestamp="2020-01-28T14:11:03 CST" time="0.006" errors="0">
  <testcase name="testMethod1" time="0.001" classname="com.class03.AlwaysRun"/>
  <testcase name="testMethod" time="0.005" classname="com.class03.AlwaysRun"/>
</testsuite> <!-- com.class03.AlwaysRun -->
