<?xml version="1.0" encoding="UTF-8"?>
<!-- Generated by org.testng.reporters.JUnitReportReporter -->
<testsuite skipped="0" hostname="LAPTOP-79BVRKRR" name="com.class04.HW" tests="5" failures="0" timestamp="2020-01-28T17:23:44 CST" time="108.766" errors="0">
  <testcase name="test" time="20.773" classname="com.class04.HW"/>
  <testcase name="test" time="20.967" classname="com.class04.HW"/>
  <testcase name="test" time="21.897" classname="com.class04.HW"/>
  <testcase name="test" time="22.736" classname="com.class04.HW"/>
  <testcase name="test" time="22.393" classname="com.class04.HW"/>
</testsuite> <!-- com.class04.HW -->
