<?xml version="1.0" encoding="UTF-8"?>
<!-- Generated by org.testng.reporters.JUnitReportReporter -->
<testsuite skipped="0" hostname="LAPTOP-79BVRKRR" name="Test.day4" tests="3" failures="0" timestamp="2020-01-17T12:49:09 CST" time="0.004" errors="0">
  <testcase name="WebloginCarLoan" time="0.001" classname="Test.day4"/>
  <testcase name="LoginAPIcarLoan" time="0.001" classname="Test.day4"/>
  <testcase name="LoginAPILoan" time="0.002" classname="Test.day4"/>
</testsuite> <!-- Test.day4 -->
