<?xml version="1.0" encoding="UTF-8"?>
<!-- Generated by org.testng.reporters.JUnitReportReporter -->
<testsuite skipped="0" hostname="LAPTOP-79BVRKRR" name="Test.day3" tests="3" failures="0" timestamp="2020-01-17T12:49:09 CST" time="0.003" errors="0">
  <testcase name="LoginAPILoan" time="0.001" classname="Test.day3"/>
  <testcase name="MobileLogincarLoan" time="0.001" classname="Test.day3"/>
  <testcase name="WebloginCarLoan" time="0.001" classname="Test.day3"/>
</testsuite> <!-- Test.day3 -->
