<?xml version="1.0" encoding="UTF-8"?>
<!-- Generated by org.testng.reporters.JUnitReportReporter -->
<testsuite skipped="0" hostname="LAPTOP-79BVRKRR" name="com.class01.day4" tests="3" failures="0" timestamp="2020-01-17T12:48:36 CST" time="0.002" errors="0">
  <testcase name="LoginAPIcarLoan" time="0.001" classname="com.class01.day4"/>
  <testcase name="LoginAPILoan" time="0.001" classname="com.class01.day4"/>
  <testcase name="WebloginCarLoan" time="0.000" classname="com.class01.day4"/>
</testsuite> <!-- com.class01.day4 -->
