<?xml version="1.0" encoding="UTF-8"?>
<!-- Generated by org.testng.reporters.JUnitReportReporter -->
<testsuite skipped="0" hostname="LAPTOP-79BVRKRR" name="Test.day1" tests="2" failures="0" timestamp="2020-01-17T12:49:09 CST" time="0.009" errors="0">
  <testcase name="Demo" time="0.009" classname="Test.day1"/>
  <testcase name="secondTest" time="0.000" classname="Test.day1"/>
</testsuite> <!-- Test.day1 -->
